<?xml version="1.0" encoding="UTF-8"?>
<!-- Generated by org.testng.reporters.JUnitReportReporter -->
<testsuite hostname="DESKTOP-SER6PPO" failures="0" tests="1" name="RestTesting.Trello" time="3.828" errors="0" timestamp="15 Mar 2022 07:14:07 GMT">
  <testcase classname="RestTesting.Trello" name="createBoard" time="3.828"/>
</testsuite> <!-- RestTesting.Trello -->
