<?xml version="1.0" encoding="UTF-8"?>
<!-- Generated by org.testng.reporters.JUnitReportReporter -->
<testsuite hostname="DESKTOP-SER6PPO" failures="0" tests="2" name="RestTesting.Ecommerce" time="11.142" errors="0" timestamp="16 Mar 2022 05:04:55 GMT">
  <testcase classname="RestTesting.Ecommerce" name="signup" time="7.191"/>
  <testcase classname="RestTesting.Ecommerce" name="Login" time="3.951"/>
</testsuite> <!-- RestTesting.Ecommerce -->
