<?xml version="1.0" encoding="UTF-8"?>
<!-- Generated by org.testng.reporters.JUnitReportReporter -->
<testsuite hostname="DESKTOP-SER6PPO" failures="0" tests="2" name="RestTesting.TestNG" time="0.012" errors="0" timestamp="15 Mar 2022 05:04:29 GMT">
  <testcase classname="RestTesting.TestNG" name="testcase2" time="0.005"/>
  <testcase classname="RestTesting.TestNG" name="testcase1" time="0.007"/>
</testsuite> <!-- RestTesting.TestNG -->
