<?xml version="1.0" encoding="UTF-8"?>
<!-- Generated by org.testng.reporters.JUnitReportReporter -->
<testsuite hostname="DESKTOP-SER6PPO" failures="0" tests="3" name="RestTesting.TrelloAllcreategetdelete" time="6.797" errors="0" timestamp="15 Mar 2022 09:07:33 GMT">
  <testcase classname="RestTesting.TrelloAllcreategetdelete" name="DeleteBoard" time="0.781"/>
  <testcase classname="RestTesting.TrelloAllcreategetdelete" name="createBoard" time="5.314"/>
  <testcase classname="RestTesting.TrelloAllcreategetdelete" name="getBoard" time="0.702"/>
</testsuite> <!-- RestTesting.TrelloAllcreategetdelete -->
